3.10207e+07
1.86119e+06
40740560
5320 7658
52.0154
M004 0 0 3080 1610 
M003 0 5404 2184 6412 
M033 3178 5292 5068 6244 
M006 0 6412 1862 7294 
M001 3612 812 5320 4046 
M030 1540 1610 2842 2338 
M048 2184 6916 3486 7644 
M037 322 1610 1540 2170 
M046 4046 266 5250 770 
M023 1190 4914 2324 5404 
M018 392 4312 1470 4704 
M036 2184 5544 3178 5992 
M009 1778 3388 2758 3850 
M022 784 7294 1736 7658 
M043 2184 5992 3094 6524 
M035 2184 6524 3038 6916 
M011 3094 6244 3920 6622 
M024 4046 0 4844 266 
M012 392 4704 1190 5110 
M020 3514 4046 4312 4298 
M032 2324 5166 3108 5544 
M025 0 7294 784 7616 
M002 2842 1610 3514 3164 
M045 2842 3164 3514 4326 
M008 4662 4046 5306 5292 
M044 3920 6244 4550 7546 
M034 392 3164 952 4312 
M005 3080 0 3612 1386 
M028 1470 3850 1988 4914 
M029 322 2170 812 3164 
M038 1988 3850 2436 4816 
M047 3612 0 4046 812 
M014 3486 6622 3892 7546 
M015 1246 2338 1652 3178 
M017 4550 6244 4942 7000 
M021 0 3164 392 3990 
M019 952 3178 1344 4004 
M040 1652 2338 2044 3206 
M031 2044 2338 2436 3388 
M049 2436 2338 2828 3080 
M027 2828 4326 3192 5166 
M041 3192 4326 3556 5180 
M039 3556 4298 3920 5082 
M007 3920 4298 4270 5166 
M026 4312 4046 4662 4774 
M016 0 1610 322 2408 
M010 952 2170 1246 2786 
M013 1344 3178 1610 3850 
M042 1610 3206 1778 3584 
